TN:
SF:src/env.d.ts
FNF:0
FNH:0
LF:0
LH:0
BRF:0
BRH:0
end_of_record
TN:
SF:src/main.ts
FN:9,bootstrap
FNF:1
FNH:0
FNDA:0,bootstrap
DA:10,0
DA:11,0
DA:12,0
DA:15,0
DA:17,0
DA:18,0
DA:19,0
DA:20,0
DA:21,0
DA:22,0
DA:25,0
LF:11
LH:0
BRDA:10,0,0,0
BRDA:10,0,1,0
BRF:2
BRH:0
end_of_record
TN:
SF:src/api/auth.ts
FN:4,loginApi
FN:8,fetchCurrentUser
FN:12,logoutApi
FNF:3
FNH:0
FNDA:0,loginApi
FNDA:0,fetchCurrentUser
FNDA:0,logoutApi
DA:5,0
DA:9,0
DA:13,0
LF:3
LH:0
BRF:0
BRH:0
end_of_record
TN:
SF:src/api/navigation.ts
FN:4,fetchMenus
FNF:1
FNH:0
FNDA:0,fetchMenus
DA:5,0
LF:1
LH:0
BRF:0
BRH:0
end_of_record
TN:
SF:src/app/bootstrap.ts
FN:1,setupTheme
FNF:1
FNH:0
FNDA:0,setupTheme
DA:2,0
DA:3,0
DA:4,0
DA:5,0
DA:7,0
DA:8,0
LF:6
LH:0
BRDA:2,0,0,0
BRDA:2,0,1,0
BRDA:3,1,0,0
BRDA:3,1,1,0
BRDA:5,2,0,0
BRDA:5,2,1,0
BRDA:5,2,2,0
BRF:7
BRH:0
end_of_record
TN:
SF:src/app/mock.ts
FN:8,setupMock
FNF:1
FNH:0
FNDA:0,setupMock
DA:6,0
DA:9,0
DA:11,0
DA:15,0
DA:16,0
DA:17,0
LF:6
LH:0
BRDA:9,0,0,0
BRDA:9,0,1,0
BRDA:12,1,0,0
BRDA:12,1,1,0
BRF:4
BRH:0
end_of_record
TN:
SF:src/i18n/index.ts
FN:16,syncLocale
FNF:1
FNH:0
FNDA:0,syncLocale
DA:6,1
DA:17,0
DA:18,0
LF:3
LH:1
BRF:0
BRH:0
end_of_record
TN:
SF:src/i18n/locales/en-US.ts
FNF:0
FNH:0
LF:0
LH:0
BRF:0
BRH:0
end_of_record
TN:
SF:src/i18n/locales/zh-CN.ts
FNF:0
FNH:0
LF:0
LH:0
BRF:0
BRH:0
end_of_record
TN:
SF:src/lib/http/client.ts
FN:21,(anonymous_0)
FN:30,(anonymous_1)
FN:31,(anonymous_2)
FN:54,request
FNF:4
FNH:0
FNDA:0,(anonymous_0)
FNDA:0,(anonymous_1)
FNDA:0,(anonymous_2)
FNDA:0,request
DA:10,1
DA:14,1
DA:19,1
DA:21,1
DA:22,0
DA:23,0
DA:24,0
DA:26,0
DA:29,1
DA:30,0
DA:32,0
DA:33,0
DA:34,0
DA:35,0
DA:37,0
DA:38,0
DA:39,0
DA:40,0
DA:41,0
DA:42,0
DA:43,0
DA:46,0
DA:50,0
DA:55,0
DA:56,0
DA:57,0
DA:58,0
DA:59,0
DA:60,0
DA:61,0
DA:63,0
DA:65,0
LF:32
LH:5
BRDA:23,0,0,0
BRDA:23,0,1,0
BRDA:33,1,0,0
BRDA:33,1,1,0
BRDA:34,2,0,0
BRDA:34,2,1,0
BRDA:34,2,2,0
BRDA:37,3,0,0
BRDA:37,3,1,0
BRDA:37,4,0,0
BRDA:37,4,1,0
BRDA:42,5,0,0
BRDA:42,5,1,0
BRDA:57,6,0,0
BRDA:57,6,1,0
BRDA:58,7,0,0
BRDA:58,7,1,0
BRDA:60,8,0,0
BRDA:60,8,1,0
BRF:19
BRH:0
end_of_record
TN:
SF:src/router/guards.ts
FN:5,setupRouterGuards
FN:6,(anonymous_1)
FN:25,(anonymous_2)
FN:35,(anonymous_3)
FNF:4
FNH:3
FNDA:3,setupRouterGuards
FNDA:6,(anonymous_1)
FNDA:1,(anonymous_2)
FNDA:0,(anonymous_3)
DA:6,3
DA:7,6
DA:8,6
DA:10,6
DA:11,1
DA:14,5
DA:15,3
DA:16,3
DA:18,1
DA:19,1
DA:22,4
DA:24,6
DA:25,1
DA:26,1
DA:28,1
DA:29,1
DA:33,3
DA:34,0
DA:35,0
DA:36,0
DA:37,0
DA:41,3
LF:22
LH:18
BRDA:10,0,0,1
BRDA:10,0,1,5
BRDA:10,1,0,6
BRDA:10,1,1,3
BRDA:14,2,0,3
BRDA:14,2,1,2
BRDA:14,3,0,5
BRDA:14,3,1,3
BRDA:22,4,0,4
BRDA:22,4,1,4
BRDA:24,5,0,1
BRDA:24,5,1,5
BRDA:28,6,0,1
BRDA:28,6,1,0
BRDA:33,7,0,0
BRDA:33,7,1,3
BRDA:34,8,0,0
BRDA:34,8,1,0
BRDA:36,9,0,0
BRDA:36,9,1,0
BRF:20
BRH:14
end_of_record
TN:
SF:src/router/index.ts
FN:10,setupRouter
FNF:1
FNH:0
FNDA:0,setupRouter
DA:5,1
DA:11,0
DA:12,0
LF:3
LH:1
BRF:0
BRH:0
end_of_record
TN:
SF:src/router/route-meta.d.ts
FNF:0
FNH:0
LF:0
LH:0
BRF:0
BRH:0
end_of_record
TN:
SF:src/router/routes.ts
FN:8,(anonymous_0)
FN:19,(anonymous_1)
FN:25,(anonymous_2)
FN:33,(anonymous_3)
FN:39,(anonymous_4)
FNF:5
FNH:0
FNDA:0,(anonymous_0)
FNDA:0,(anonymous_1)
FNDA:0,(anonymous_2)
FNDA:0,(anonymous_3)
FNDA:0,(anonymous_4)
DA:4,1
DA:8,0
DA:19,0
DA:25,0
DA:33,0
DA:39,0
LF:6
LH:1
BRF:0
BRH:0
end_of_record
TN:
SF:src/router/types.ts
FNF:0
FNH:0
LF:0
LH:0
BRF:0
BRH:0
end_of_record
TN:
SF:src/stores/app.ts
FN:8,(anonymous_0)
FN:12,setLocale
FN:17,toggleSidebar
FNF:3
FNH:0
FNDA:0,(anonymous_0)
FNDA:0,setLocale
FNDA:0,toggleSidebar
DA:6,1
DA:8,1
DA:9,0
DA:10,0
DA:13,0
DA:14,0
DA:18,0
DA:21,0
LF:8
LH:2
BRDA:9,0,0,0
BRDA:9,0,1,0
BRF:2
BRH:0
end_of_record
TN:
SF:src/stores/auth.ts
FN:8,(anonymous_0)
FN:11,(anonymous_1)
FN:13,setToken
FN:22,login
FN:28,hydrateUser
FN:36,clearSession
FN:41,logout
FNF:7
FNH:7
FNDA:6,(anonymous_0)
FNDA:5,(anonymous_1)
FNDA:8,setToken
FNDA:1,login
FNDA:1,hydrateUser
FNDA:3,clearSession
FNDA:2,logout
DA:6,2
DA:8,2
DA:9,6
DA:10,6
DA:11,6
DA:14,8
DA:15,8
DA:16,5
DA:17,5
DA:19,3
DA:23,1
DA:24,1
DA:25,1
DA:29,1
DA:30,0
DA:31,0
DA:33,1
DA:37,3
DA:38,3
DA:42,2
DA:43,2
DA:44,1
DA:47,6
LF:23
LH:21
BRDA:15,0,0,5
BRDA:15,0,1,3
BRDA:29,1,0,0
BRDA:29,1,1,1
BRDA:43,2,0,1
BRDA:43,2,1,1
BRF:6
BRH:5
end_of_record
TN:
SF:src/stores/permission.ts
FN:5,(anonymous_0)
FN:9,setRoutes
FN:13,setPermissions
FN:17,hasPermission
FNF:4
FNH:3
FNDA:3,(anonymous_0)
FNDA:0,setRoutes
FNDA:5,setPermissions
FNDA:1,hasPermission
DA:5,1
DA:6,3
DA:7,3
DA:10,0
DA:14,5
DA:18,1
DA:21,3
LF:7
LH:6
BRF:0
BRH:0
end_of_record
TN:
SF:src/stores/theme.ts
FN:9,(anonymous_0)
FN:13,(anonymous_1)
FN:19,setMode
FN:24,setPrimaryColor
FN:29,applyThemeToDom
FNF:5
FNH:4
FNDA:2,(anonymous_0)
FNDA:1,(anonymous_1)
FNDA:2,setMode
FNDA:0,setPrimaryColor
FNDA:1,applyThemeToDom
DA:6,2
DA:7,2
DA:9,2
DA:10,2
DA:11,2
DA:13,2
DA:14,1
DA:15,1
DA:16,0
DA:20,2
DA:21,2
DA:25,0
DA:26,0
DA:30,1
DA:31,1
DA:34,2
LF:16
LH:13
BRDA:10,0,0,2
BRDA:10,0,1,2
BRDA:11,1,0,2
BRDA:11,1,1,2
BRDA:14,2,0,0
BRDA:14,2,1,1
BRDA:15,3,0,1
BRDA:15,3,1,0
BRF:8
BRH:6
end_of_record
TN:
SF:src/types/api.ts
FNF:0
FNH:0
LF:0
LH:0
BRF:0
BRH:0
end_of_record
TN:
SF:src/types/auth.ts
FNF:0
FNH:0
LF:0
LH:0
BRF:0
BRH:0
end_of_record
TN:
SF:src/types/navigation.ts
FNF:0
FNH:0
LF:0
LH:0
BRF:0
BRH:0
end_of_record
